[{"useNaturalConf":true,"startTime":"Oct 15, 2024, 6:40:58 PM","endTime":"Oct 15, 2024, 6:46:39 PM","status":"FAIL","level":0,"isLeaf":false,"name":"Verify the New Account Billing Address","description":"","bddType":"com.aventstack.extentreports.gherkin.model.Feature","infoMap":{},"children":[{"useNaturalConf":true,"startTime":"Oct 15, 2024, 6:40:58 PM","endTime":"Oct 15, 2024, 6:46:39 PM","status":"FAIL","level":1,"isLeaf":false,"name":"Login as Service Scheduler and Verify the new account billing Address","description":"\u003cbr\u003e\u003cbr\u003e\u003ctable class\u003d\u0027markup-table table \u0027\u003e\u003ctr\u003e\u003ctd\u003eusername\u003c/td\u003e\u003ctd\u003epassword\u003c/td\u003e\u003c/tr\u003e\u003ctr\u003e\u003ctd\u003etestservicescheduler@gmail.com\u003c/td\u003e\u003ctd\u003eM@shaallah1\u003c/td\u003e\u003c/tr\u003e\u003c/table\u003e","bddType":"com.aventstack.extentreports.gherkin.model.ScenarioOutline","infoMap":{},"children":[{"useNaturalConf":true,"startTime":"Oct 15, 2024, 6:40:58 PM","endTime":"Oct 15, 2024, 6:46:39 PM","status":"FAIL","level":2,"isLeaf":false,"name":"Login as Service Scheduler and Verify the new account billing Address","description":"","bddType":"com.aventstack.extentreports.gherkin.model.Scenario","infoMap":{},"children":[{"useNaturalConf":true,"startTime":"Oct 15, 2024, 6:41:00 PM","endTime":"Oct 15, 2024, 6:41:15 PM","status":"PASS","level":3,"isLeaf":true,"name":"Given HAC627New user enters \"testservicescheduler@gmail.com\" and \"M@shaallah1\"","description":"StepDefinitions.HAC627VerifyNewAccountBillingAddress.HAC627new_user_enters_and(java.lang.String,java.lang.String)","bddType":"com.aventstack.extentreports.gherkin.model.Given","infoMap":{},"children":[],"logs":[{"timestamp":"Oct 15, 2024, 6:41:15 PM","status":"PASS","details":"","seq":0,"infoMap":{}}],"media":[],"exceptions":[],"authorSet":[],"categorySet":[],"deviceSet":[],"generatedLog":[]},{"useNaturalConf":true,"startTime":"Oct 15, 2024, 6:41:15 PM","endTime":"Oct 15, 2024, 6:41:29 PM","status":"PASS","level":3,"isLeaf":true,"name":"When HAC627New select the applicaton","description":"StepDefinitions.HAC627VerifyNewAccountBillingAddress.HAC627new_select_the_applicaton()","bddType":"com.aventstack.extentreports.gherkin.model.When","infoMap":{},"children":[],"logs":[{"timestamp":"Oct 15, 2024, 6:41:29 PM","status":"PASS","details":"","seq":0,"infoMap":{}}],"media":[],"exceptions":[],"authorSet":[],"categorySet":[],"deviceSet":[],"generatedLog":[]},{"useNaturalConf":true,"startTime":"Oct 15, 2024, 6:41:29 PM","endTime":"Oct 15, 2024, 6:41:33 PM","status":"PASS","level":3,"isLeaf":true,"name":"When HAC627New close all the open tabs","description":"StepDefinitions.HAC627VerifyNewAccountBillingAddress.HAC627new_close_all_the_open_tabs()","bddType":"com.aventstack.extentreports.gherkin.model.When","infoMap":{},"children":[],"logs":[{"timestamp":"Oct 15, 2024, 6:41:33 PM","status":"PASS","details":"","seq":0,"infoMap":{}}],"media":[],"exceptions":[],"authorSet":[],"categorySet":[],"deviceSet":[],"generatedLog":[]},{"useNaturalConf":true,"startTime":"Oct 15, 2024, 6:41:33 PM","endTime":"Oct 15, 2024, 6:41:37 PM","status":"PASS","level":3,"isLeaf":true,"name":"When HAC627New close the bottom bar","description":"StepDefinitions.HAC627VerifyNewAccountBillingAddress.HAC627new_close_the_bottom_bar()","bddType":"com.aventstack.extentreports.gherkin.model.When","infoMap":{},"children":[],"logs":[{"timestamp":"Oct 15, 2024, 6:41:37 PM","status":"PASS","details":"","seq":0,"infoMap":{}}],"media":[],"exceptions":[],"authorSet":[],"categorySet":[],"deviceSet":[],"generatedLog":[]},{"useNaturalConf":true,"startTime":"Oct 15, 2024, 6:41:37 PM","endTime":"Oct 15, 2024, 6:41:39 PM","status":"PASS","level":3,"isLeaf":true,"name":"When HAC627New user is on account tab","description":"StepDefinitions.HAC627VerifyNewAccountBillingAddress.HAC627new_user_is_on_account_tab()","bddType":"com.aventstack.extentreports.gherkin.model.When","infoMap":{},"children":[],"logs":[{"timestamp":"Oct 15, 2024, 6:41:39 PM","status":"PASS","details":"","seq":0,"infoMap":{}}],"media":[],"exceptions":[],"authorSet":[],"categorySet":[],"deviceSet":[],"generatedLog":[]},{"useNaturalConf":true,"startTime":"Oct 15, 2024, 6:41:39 PM","endTime":"Oct 15, 2024, 6:46:39 PM","status":"FAIL","level":3,"isLeaf":true,"name":"When HAC627New User should click on the new button and enter the necessary details to create a new account- Use Below Cretancials","description":"StepDefinitions.HAC627VerifyNewAccountBillingAddress.HAC627new_user_should_enter_the_necessary_details_to_create_a_new_account_use_below_cretancials(io.cucumber.datatable.DataTable)","bddType":"com.aventstack.extentreports.gherkin.model.When","infoMap":{},"children":[],"logs":[{"timestamp":"Oct 15, 2024, 6:41:39 PM","status":"PASS","details":"\u003ctable class\u003d\u0027markup-table table \u0027\u003e\u003ctr\u003e\u003ctd\u003eAccount Name\u003c/td\u003e\u003ctd\u003eIndustry\u003c/td\u003e\u003ctd\u003eShipping Address\u003c/td\u003e\u003c/tr\u003e\u003ctr\u003e\u003ctd\u003eNew Account Test10\u003c/td\u003e\u003ctd\u003eAnimal Food\u003c/td\u003e\u003ctd\u003e2422 Smith Ave, Baltimore, MD 21209, United States\u003c/td\u003e\u003c/tr\u003e\u003c/table\u003e","seq":0,"infoMap":{}},{"timestamp":"Oct 15, 2024, 6:46:39 PM","status":"FAIL","details":"","seq":1,"infoMap":{},"exception":{"stackTrace":"org.openqa.selenium.TimeoutException: Expected condition failed: waiting for visibility of element located by By.xpath: //a//div[text()\u003d\u0027New\u0027] (tried for 300 second(s) with 500 milliseconds interval)\r\n\tat org.openqa.selenium.support.ui.WebDriverWait.timeoutException(WebDriverWait.java:84)\r\n\tat org.openqa.selenium.support.ui.FluentWait.until(FluentWait.java:228)\r\n\tat commonutilities.ReusableUtility.waitForElementToAppear(ReusableUtility.java:24)\r\n\tat PageObjects.HomePage.createNewCase(HomePage.java:39)\r\n\tat StepDefinitions.HAC627VerifyNewAccountBillingAddress.HAC627new_user_should_enter_the_necessary_details_to_create_a_new_account_use_below_cretancials(HAC627VerifyNewAccountBillingAddress.java:65)\r\n\tat ✽.HAC627New User should click on the new button and enter the necessary details to create a new account- Use Below Cretancials(file:///C:/Users/HP/git/HACTestAutomation/HACTestAutomation-main/src/test/java/Features/HAC-627%20VerifyNewAccountBilingAddress.feature:10)\r\nCaused by: org.openqa.selenium.NoSuchWindowException: no such window: target window already closed\nfrom unknown error: web view not found\n  (Session info: chrome\u003d129.0.6668.90)\nBuild info: version: \u00274.18.1\u0027, revision: \u0027b1d3319b48\u0027\nSystem info: os.name: \u0027Windows 11\u0027, os.arch: \u0027amd64\u0027, os.version: \u002710.0\u0027, java.version: \u002721.0.2\u0027\nDriver info: org.openqa.selenium.chrome.ChromeDriver\nCommand: [ec764c591ef6acb81aed60a9d613c2bc, findElement {using\u003dxpath, value\u003d//a//div[text()\u003d\u0027New\u0027]}]\nCapabilities {acceptInsecureCerts: false, browserName: chrome, browserVersion: 129.0.6668.90, chrome: {chromedriverVersion: 129.0.6668.100 (cf58cba358d..., userDataDir: C:\\Users\\HP\\AppData\\Local\\T...}, fedcm:accounts: true, goog:chromeOptions: {debuggerAddress: localhost:61206}, networkConnectionEnabled: false, pageLoadStrategy: normal, platformName: windows, proxy: Proxy(), se:cdp: ws://localhost:61206/devtoo..., se:cdpVersion: 129.0.6668.90, setWindowRect: true, strictFileInteractability: false, timeouts: {implicit: 0, pageLoad: 300000, script: 30000}, unhandledPromptBehavior: dismiss and notify, webauthn:extension:credBlob: true, webauthn:extension:largeBlob: true, webauthn:extension:minPinLength: true, webauthn:extension:prf: true, webauthn:virtualAuthenticators: true}\nSession ID: ec764c591ef6acb81aed60a9d613c2bc\r\n\tat java.base/jdk.internal.reflect.DirectConstructorHandleAccessor.newInstance(DirectConstructorHandleAccessor.java:62)\r\n\tat java.base/java.lang.reflect.Constructor.newInstanceWithCaller(Constructor.java:502)\r\n\tat java.base/java.lang.reflect.Constructor.newInstance(Constructor.java:486)\r\n\tat org.openqa.selenium.remote.ErrorCodec.decode(ErrorCodec.java:167)\r\n\tat org.openqa.selenium.remote.codec.w3c.W3CHttpResponseCodec.decode(W3CHttpResponseCodec.java:138)\r\n\tat org.openqa.selenium.remote.codec.w3c.W3CHttpResponseCodec.decode(W3CHttpResponseCodec.java:50)\r\n\tat org.openqa.selenium.remote.HttpCommandExecutor.execute(HttpCommandExecutor.java:190)\r\n\tat org.openqa.selenium.remote.service.DriverCommandExecutor.invokeExecute(DriverCommandExecutor.java:216)\r\n\tat org.openqa.selenium.remote.service.DriverCommandExecutor.execute(DriverCommandExecutor.java:174)\r\n\tat org.openqa.selenium.remote.RemoteWebDriver.execute(RemoteWebDriver.java:519)\r\n\tat org.openqa.selenium.remote.ElementLocation$ElementFinder$2.findElement(ElementLocation.java:165)\r\n\tat org.openqa.selenium.remote.ElementLocation.findElement(ElementLocation.java:59)\r\n\tat org.openqa.selenium.remote.RemoteWebDriver.findElement(RemoteWebDriver.java:356)\r\n\tat org.openqa.selenium.remote.RemoteWebDriver.findElement(RemoteWebDriver.java:350)\r\n\tat org.openqa.selenium.support.ui.ExpectedConditions$7.apply(ExpectedConditions.java:194)\r\n\tat org.openqa.selenium.support.ui.ExpectedConditions$7.apply(ExpectedConditions.java:190)\r\n\tat org.openqa.selenium.support.ui.FluentWait.until(FluentWait.java:203)\r\n\tat commonutilities.ReusableUtility.waitForElementToAppear(ReusableUtility.java:24)\r\n\tat PageObjects.HomePage.createNewCase(HomePage.java:39)\r\n\tat StepDefinitions.HAC627VerifyNewAccountBillingAddress.HAC627new_user_should_enter_the_necessary_details_to_create_a_new_account_use_below_cretancials(HAC627VerifyNewAccountBillingAddress.java:65)\r\n\tat java.base/jdk.internal.reflect.DirectMethodHandleAccessor.invoke(DirectMethodHandleAccessor.java:103)\r\n\tat java.base/java.lang.reflect.Method.invoke(Method.java:580)\r\n\tat io.cucumber.java.Invoker.doInvoke(Invoker.java:66)\r\n\tat io.cucumber.java.Invoker.invoke(Invoker.java:24)\r\n\tat io.cucumber.java.AbstractGlueDefinition.invokeMethod(AbstractGlueDefinition.java:47)\r\n\tat io.cucumber.java.JavaStepDefinition.execute(JavaStepDefinition.java:29)\r\n\tat io.cucumber.core.runner.CoreStepDefinition.execute(CoreStepDefinition.java:66)\r\n\tat io.cucumber.core.runner.PickleStepDefinitionMatch.runStep(PickleStepDefinitionMatch.java:63)\r\n\tat io.cucumber.core.runner.ExecutionMode$1.execute(ExecutionMode.java:10)\r\n\tat io.cucumber.core.runner.TestStep.executeStep(TestStep.java:84)\r\n\tat io.cucumber.core.runner.TestStep.run(TestStep.java:56)\r\n\tat io.cucumber.core.runner.PickleStepTestStep.run(PickleStepTestStep.java:51)\r\n\tat io.cucumber.core.runner.TestCase.run(TestCase.java:84)\r\n\tat io.cucumber.core.runner.Runner.runPickle(Runner.java:75)\r\n\tat io.cucumber.testng.TestNGCucumberRunner.lambda$runScenario$1(TestNGCucumberRunner.java:132)\r\n\tat io.cucumber.core.runtime.CucumberExecutionContext.lambda$runTestCase$5(CucumberExecutionContext.java:137)\r\n\tat io.cucumber.core.runtime.RethrowingThrowableCollector.executeAndThrow(RethrowingThrowableCollector.java:23)\r\n\tat io.cucumber.core.runtime.CucumberExecutionContext.runTestCase(CucumberExecutionContext.java:137)\r\n\tat io.cucumber.testng.TestNGCucumberRunner.runScenario(TestNGCucumberRunner.java:129)\r\n\tat io.cucumber.testng.AbstractTestNGCucumberTests.runScenario(AbstractTestNGCucumberTests.java:35)\r\n\tat java.base/jdk.internal.reflect.DirectMethodHandleAccessor.invoke(DirectMethodHandleAccessor.java:103)\r\n\tat java.base/java.lang.reflect.Method.invoke(Method.java:580)\r\n\tat org.testng.internal.MethodInvocationHelper.invokeMethod(MethodInvocationHelper.java:133)\r\n\tat org.testng.internal.TestInvoker.invokeMethod(TestInvoker.java:598)\r\n\tat org.testng.internal.TestInvoker.invokeTestMethod(TestInvoker.java:173)\r\n\tat org.testng.internal.MethodRunner.runInSequence(MethodRunner.java:46)\r\n\tat org.testng.internal.TestInvoker$MethodInvocationAgent.invoke(TestInvoker.java:824)\r\n\tat org.testng.internal.TestInvoker.invokeTestMethods(TestInvoker.java:146)\r\n\tat org.testng.internal.TestMethodWorker.invokeTestMethods(TestMethodWorker.java:146)\r\n\tat org.testng.internal.TestMethodWorker.run(TestMethodWorker.java:128)\r\n\tat java.base/java.util.ArrayList.forEach(ArrayList.java:1596)\r\n\tat org.testng.TestRunner.privateRun(TestRunner.java:794)\r\n\tat org.testng.TestRunner.run(TestRunner.java:596)\r\n\tat org.testng.SuiteRunner.runTest(SuiteRunner.java:377)\r\n\tat org.testng.SuiteRunner.runSequentially(SuiteRunner.java:371)\r\n\tat org.testng.SuiteRunner.privateRun(SuiteRunner.java:332)\r\n\tat org.testng.SuiteRunner.run(SuiteRunner.java:276)\r\n\tat org.testng.SuiteRunnerWorker.runSuite(SuiteRunnerWorker.java:53)\r\n\tat org.testng.SuiteRunnerWorker.run(SuiteRunnerWorker.java:96)\r\n\tat org.testng.TestNG.runSuitesSequentially(TestNG.java:1212)\r\n\tat org.testng.TestNG.runSuitesLocally(TestNG.java:1134)\r\n\tat org.testng.TestNG.runSuites(TestNG.java:1063)\r\n\tat org.testng.TestNG.run(TestNG.java:1031)\r\n\tat org.testng.remote.AbstractRemoteTestNG.run(AbstractRemoteTestNG.java:115)\r\n\tat org.testng.remote.RemoteTestNG.initAndRun(RemoteTestNG.java:251)\r\n\tat org.testng.remote.RemoteTestNG.main(RemoteTestNG.java:77)\r\n","name":"org.openqa.selenium.TimeoutException"}}],"media":[],"exceptions":[{"stackTrace":"org.openqa.selenium.TimeoutException: Expected condition failed: waiting for visibility of element located by By.xpath: //a//div[text()\u003d\u0027New\u0027] (tried for 300 second(s) with 500 milliseconds interval)\r\n\tat org.openqa.selenium.support.ui.WebDriverWait.timeoutException(WebDriverWait.java:84)\r\n\tat org.openqa.selenium.support.ui.FluentWait.until(FluentWait.java:228)\r\n\tat commonutilities.ReusableUtility.waitForElementToAppear(ReusableUtility.java:24)\r\n\tat PageObjects.HomePage.createNewCase(HomePage.java:39)\r\n\tat StepDefinitions.HAC627VerifyNewAccountBillingAddress.HAC627new_user_should_enter_the_necessary_details_to_create_a_new_account_use_below_cretancials(HAC627VerifyNewAccountBillingAddress.java:65)\r\n\tat ✽.HAC627New User should click on the new button and enter the necessary details to create a new account- Use Below Cretancials(file:///C:/Users/HP/git/HACTestAutomation/HACTestAutomation-main/src/test/java/Features/HAC-627%20VerifyNewAccountBilingAddress.feature:10)\r\nCaused by: org.openqa.selenium.NoSuchWindowException: no such window: target window already closed\nfrom unknown error: web view not found\n  (Session info: chrome\u003d129.0.6668.90)\nBuild info: version: \u00274.18.1\u0027, revision: \u0027b1d3319b48\u0027\nSystem info: os.name: \u0027Windows 11\u0027, os.arch: \u0027amd64\u0027, os.version: \u002710.0\u0027, java.version: \u002721.0.2\u0027\nDriver info: org.openqa.selenium.chrome.ChromeDriver\nCommand: [ec764c591ef6acb81aed60a9d613c2bc, findElement {using\u003dxpath, value\u003d//a//div[text()\u003d\u0027New\u0027]}]\nCapabilities {acceptInsecureCerts: false, browserName: chrome, browserVersion: 129.0.6668.90, chrome: {chromedriverVersion: 129.0.6668.100 (cf58cba358d..., userDataDir: C:\\Users\\HP\\AppData\\Local\\T...}, fedcm:accounts: true, goog:chromeOptions: {debuggerAddress: localhost:61206}, networkConnectionEnabled: false, pageLoadStrategy: normal, platformName: windows, proxy: Proxy(), se:cdp: ws://localhost:61206/devtoo..., se:cdpVersion: 129.0.6668.90, setWindowRect: true, strictFileInteractability: false, timeouts: {implicit: 0, pageLoad: 300000, script: 30000}, unhandledPromptBehavior: dismiss and notify, webauthn:extension:credBlob: true, webauthn:extension:largeBlob: true, webauthn:extension:minPinLength: true, webauthn:extension:prf: true, webauthn:virtualAuthenticators: true}\nSession ID: ec764c591ef6acb81aed60a9d613c2bc\r\n\tat java.base/jdk.internal.reflect.DirectConstructorHandleAccessor.newInstance(DirectConstructorHandleAccessor.java:62)\r\n\tat java.base/java.lang.reflect.Constructor.newInstanceWithCaller(Constructor.java:502)\r\n\tat java.base/java.lang.reflect.Constructor.newInstance(Constructor.java:486)\r\n\tat org.openqa.selenium.remote.ErrorCodec.decode(ErrorCodec.java:167)\r\n\tat org.openqa.selenium.remote.codec.w3c.W3CHttpResponseCodec.decode(W3CHttpResponseCodec.java:138)\r\n\tat org.openqa.selenium.remote.codec.w3c.W3CHttpResponseCodec.decode(W3CHttpResponseCodec.java:50)\r\n\tat org.openqa.selenium.remote.HttpCommandExecutor.execute(HttpCommandExecutor.java:190)\r\n\tat org.openqa.selenium.remote.service.DriverCommandExecutor.invokeExecute(DriverCommandExecutor.java:216)\r\n\tat org.openqa.selenium.remote.service.DriverCommandExecutor.execute(DriverCommandExecutor.java:174)\r\n\tat org.openqa.selenium.remote.RemoteWebDriver.execute(RemoteWebDriver.java:519)\r\n\tat org.openqa.selenium.remote.ElementLocation$ElementFinder$2.findElement(ElementLocation.java:165)\r\n\tat org.openqa.selenium.remote.ElementLocation.findElement(ElementLocation.java:59)\r\n\tat org.openqa.selenium.remote.RemoteWebDriver.findElement(RemoteWebDriver.java:356)\r\n\tat org.openqa.selenium.remote.RemoteWebDriver.findElement(RemoteWebDriver.java:350)\r\n\tat org.openqa.selenium.support.ui.ExpectedConditions$7.apply(ExpectedConditions.java:194)\r\n\tat org.openqa.selenium.support.ui.ExpectedConditions$7.apply(ExpectedConditions.java:190)\r\n\tat org.openqa.selenium.support.ui.FluentWait.until(FluentWait.java:203)\r\n\tat commonutilities.ReusableUtility.waitForElementToAppear(ReusableUtility.java:24)\r\n\tat PageObjects.HomePage.createNewCase(HomePage.java:39)\r\n\tat StepDefinitions.HAC627VerifyNewAccountBillingAddress.HAC627new_user_should_enter_the_necessary_details_to_create_a_new_account_use_below_cretancials(HAC627VerifyNewAccountBillingAddress.java:65)\r\n\tat java.base/jdk.internal.reflect.DirectMethodHandleAccessor.invoke(DirectMethodHandleAccessor.java:103)\r\n\tat java.base/java.lang.reflect.Method.invoke(Method.java:580)\r\n\tat io.cucumber.java.Invoker.doInvoke(Invoker.java:66)\r\n\tat io.cucumber.java.Invoker.invoke(Invoker.java:24)\r\n\tat io.cucumber.java.AbstractGlueDefinition.invokeMethod(AbstractGlueDefinition.java:47)\r\n\tat io.cucumber.java.JavaStepDefinition.execute(JavaStepDefinition.java:29)\r\n\tat io.cucumber.core.runner.CoreStepDefinition.execute(CoreStepDefinition.java:66)\r\n\tat io.cucumber.core.runner.PickleStepDefinitionMatch.runStep(PickleStepDefinitionMatch.java:63)\r\n\tat io.cucumber.core.runner.ExecutionMode$1.execute(ExecutionMode.java:10)\r\n\tat io.cucumber.core.runner.TestStep.executeStep(TestStep.java:84)\r\n\tat io.cucumber.core.runner.TestStep.run(TestStep.java:56)\r\n\tat io.cucumber.core.runner.PickleStepTestStep.run(PickleStepTestStep.java:51)\r\n\tat io.cucumber.core.runner.TestCase.run(TestCase.java:84)\r\n\tat io.cucumber.core.runner.Runner.runPickle(Runner.java:75)\r\n\tat io.cucumber.testng.TestNGCucumberRunner.lambda$runScenario$1(TestNGCucumberRunner.java:132)\r\n\tat io.cucumber.core.runtime.CucumberExecutionContext.lambda$runTestCase$5(CucumberExecutionContext.java:137)\r\n\tat io.cucumber.core.runtime.RethrowingThrowableCollector.executeAndThrow(RethrowingThrowableCollector.java:23)\r\n\tat io.cucumber.core.runtime.CucumberExecutionContext.runTestCase(CucumberExecutionContext.java:137)\r\n\tat io.cucumber.testng.TestNGCucumberRunner.runScenario(TestNGCucumberRunner.java:129)\r\n\tat io.cucumber.testng.AbstractTestNGCucumberTests.runScenario(AbstractTestNGCucumberTests.java:35)\r\n\tat java.base/jdk.internal.reflect.DirectMethodHandleAccessor.invoke(DirectMethodHandleAccessor.java:103)\r\n\tat java.base/java.lang.reflect.Method.invoke(Method.java:580)\r\n\tat org.testng.internal.MethodInvocationHelper.invokeMethod(MethodInvocationHelper.java:133)\r\n\tat org.testng.internal.TestInvoker.invokeMethod(TestInvoker.java:598)\r\n\tat org.testng.internal.TestInvoker.invokeTestMethod(TestInvoker.java:173)\r\n\tat org.testng.internal.MethodRunner.runInSequence(MethodRunner.java:46)\r\n\tat org.testng.internal.TestInvoker$MethodInvocationAgent.invoke(TestInvoker.java:824)\r\n\tat org.testng.internal.TestInvoker.invokeTestMethods(TestInvoker.java:146)\r\n\tat org.testng.internal.TestMethodWorker.invokeTestMethods(TestMethodWorker.java:146)\r\n\tat org.testng.internal.TestMethodWorker.run(TestMethodWorker.java:128)\r\n\tat java.base/java.util.ArrayList.forEach(ArrayList.java:1596)\r\n\tat org.testng.TestRunner.privateRun(TestRunner.java:794)\r\n\tat org.testng.TestRunner.run(TestRunner.java:596)\r\n\tat org.testng.SuiteRunner.runTest(SuiteRunner.java:377)\r\n\tat org.testng.SuiteRunner.runSequentially(SuiteRunner.java:371)\r\n\tat org.testng.SuiteRunner.privateRun(SuiteRunner.java:332)\r\n\tat org.testng.SuiteRunner.run(SuiteRunner.java:276)\r\n\tat org.testng.SuiteRunnerWorker.runSuite(SuiteRunnerWorker.java:53)\r\n\tat org.testng.SuiteRunnerWorker.run(SuiteRunnerWorker.java:96)\r\n\tat org.testng.TestNG.runSuitesSequentially(TestNG.java:1212)\r\n\tat org.testng.TestNG.runSuitesLocally(TestNG.java:1134)\r\n\tat org.testng.TestNG.runSuites(TestNG.java:1063)\r\n\tat org.testng.TestNG.run(TestNG.java:1031)\r\n\tat org.testng.remote.AbstractRemoteTestNG.run(AbstractRemoteTestNG.java:115)\r\n\tat org.testng.remote.RemoteTestNG.initAndRun(RemoteTestNG.java:251)\r\n\tat org.testng.remote.RemoteTestNG.main(RemoteTestNG.java:77)\r\n","name":"org.openqa.selenium.TimeoutException"}],"authorSet":[],"categorySet":[],"deviceSet":[],"generatedLog":[]},{"useNaturalConf":true,"startTime":"Oct 15, 2024, 6:46:39 PM","endTime":"Oct 15, 2024, 6:46:39 PM","status":"SKIP","level":3,"isLeaf":true,"name":"Then HAC627New Compare the shipping Address and billing Address on the account record","description":"StepDefinitions.HAC627VerifyNewAccountBillingAddress.HAC627new_compare_the_shipping_address_and_billing_address_on_the_account_record()","bddType":"com.aventstack.extentreports.gherkin.model.Then","infoMap":{},"children":[],"logs":[{"timestamp":"Oct 15, 2024, 6:46:39 PM","status":"SKIP","details":"Step skipped","seq":0,"infoMap":{}}],"media":[],"exceptions":[],"authorSet":[],"categorySet":[],"deviceSet":[],"generatedLog":[]}],"logs":[],"media":[],"exceptions":[],"authorSet":[],"categorySet":[{"name":"@test"}],"deviceSet":[],"generatedLog":[]}],"logs":[],"media":[],"exceptions":[],"authorSet":[],"categorySet":[],"deviceSet":[],"generatedLog":[]}],"logs":[],"media":[],"exceptions":[],"authorSet":[],"categorySet":[],"deviceSet":[],"generatedLog":[]}]